This is pdfTeXk, Version 3.1415926-1.40.9 (Web2C 7.5.7) (format=pdflatex 2008.12.28)  18 OCT 2009 14:26
entering extended mode
\write18 enabled.
 %&-line parsing enabled.
**researchstatement.tex
(./researchstatement.tex
LaTeX2e <2005/12/01>
Babel <v3.8l> and hyphenation patterns for english, usenglishmax, dumylang, noh
yphenation, german-x-2008-06-18, ngerman-x-2008-06-18, ancientgreek, ibycus, ar
abic, basque, bulgarian, catalan, pinyin, coptic, croatian, czech, danish, dutc
h, esperanto, estonian, farsi, finnish, french, galician, german, ngerman, mono
greek, greek, hungarian, icelandic, indonesian, interlingua, irish, italian, la
tin, lithuanian, mongolian, mongolian2a, bokmal, nynorsk, polish, portuguese, r
omanian, russian, sanskrit, serbian, slovak, slovenian, spanish, swedish, turki
sh, ukenglish, ukrainian, uppersorbian, welsh, loaded.
(/usr/local/texlive/2008/texmf-dist/tex/latex/base/article.cls
Document Class: article 2005/09/16 v1.4f Standard LaTeX document class
(/usr/local/texlive/2008/texmf-dist/tex/latex/base/size12.clo
File: size12.clo 2005/09/16 v1.4f Standard LaTeX file (size option)
)
\c@part=\count79
\c@section=\count80
\c@subsection=\count81
\c@subsubsection=\count82
\c@paragraph=\count83
\c@subparagraph=\count84
\c@figure=\count85
\c@table=\count86
\abovecaptionskip=\skip41
\belowcaptionskip=\skip42
\bibindent=\dimen102
)
(/usr/local/texlive/2008/texmf-dist/tex/latex/preprint/fullpage.sty
Package: fullpage 1999/02/23 1.1 (PWD)
\FP@margin=\skip43
)
(./simplemargins.sty
Simplemargins margin control commands <15 Mar 93>.
\smpagewidth=\skip44
\smpageheight=\skip45
) (/usr/local/texlive/2008/texmf-dist/tex/latex/graphics/graphicx.sty
Package: graphicx 1999/02/16 v1.0f Enhanced LaTeX Graphics (DPC,SPQR)

(/usr/local/texlive/2008/texmf-dist/tex/latex/graphics/keyval.sty
Package: keyval 1999/03/16 v1.13 key=value parser (DPC)
\KV@toks@=\toks14
)
(/usr/local/texlive/2008/texmf-dist/tex/latex/graphics/graphics.sty
Package: graphics 2006/02/20 v1.0o Standard LaTeX Graphics (DPC,SPQR)

(/usr/local/texlive/2008/texmf-dist/tex/latex/graphics/trig.sty
Package: trig 1999/03/16 v1.09 sin cos tan (DPC)
)
(/usr/local/texlive/2008/texmf/tex/latex/config/graphics.cfg
File: graphics.cfg 2007/01/18 v1.5 graphics configuration of teTeX/TeXLive
)
Package graphics Info: Driver file: pdftex.def on input line 90.

(/usr/local/texlive/2008/texmf-dist/tex/latex/pdftex-def/pdftex.def
File: pdftex.def 2008/09/08 v0.04l Graphics/color for pdfTeX
\Gread@gobject=\count87
))
\Gin@req@height=\dimen103
\Gin@req@width=\dimen104
)
(/usr/local/texlive/2008/texmf-dist/tex/latex/fancyvrb/fancyvrb.sty
Package: fancyvrb 2008/02/07

Style option: `fancyvrb' v2.7a, with DG/SPQR fixes, and firstline=lastline fix 
<2008/02/07> (tvz)
\FV@CodeLineNo=\count88
\FV@InFile=\read1
\FV@TabBox=\box26
\c@FancyVerbLine=\count89
\FV@StepNumber=\count90
\FV@OutFile=\write3
)
(/usr/local/texlive/2008/texmf-dist/tex/latex/ltxmisc/url.sty
\Urlmuskip=\muskip10
Package: url 2006/04/12  ver 3.3  Verb mode for urls, etc.
)
(/usr/local/texlive/2008/texmf-dist/tex/generic/epsf/epsf.sty
This is `epsf.tex' v2.7.3 <23 July 2005>
\epsffilein=\read2
\epsfframemargin=\dimen105
\epsfframethickness=\dimen106
\epsfrsize=\dimen107
\epsftmp=\dimen108
\epsftsize=\dimen109
\epsfxsize=\dimen110
\epsfysize=\dimen111
\pspoints=\dimen112
) (/usr/local/texlive/2008/texmf-dist/tex/latex/graphics/epsfig.sty
Package: epsfig 1999/02/16 v1.7a (e)psfig emulation (SPQR)
\epsfxsize=\dimen113
\epsfysize=\dimen114
)
(/usr/local/texlive/2008/texmf-dist/tex/latex/fancyhdr/fancyhdr.sty
\fancy@headwidth=\skip46
\f@ncyO@elh=\skip47
\f@ncyO@erh=\skip48
\f@ncyO@olh=\skip49
\f@ncyO@orh=\skip50
\f@ncyO@elf=\skip51
\f@ncyO@erf=\skip52
\f@ncyO@olf=\skip53
\f@ncyO@orf=\skip54
)
No file researchstatement.aux.
\openout1 = `researchstatement.aux'.

LaTeX Font Info:    Checking defaults for OML/cmm/m/it on input line 38.
LaTeX Font Info:    ... okay on input line 38.
LaTeX Font Info:    Checking defaults for T1/cmr/m/n on input line 38.
LaTeX Font Info:    ... okay on input line 38.
LaTeX Font Info:    Checking defaults for OT1/cmr/m/n on input line 38.
LaTeX Font Info:    ... okay on input line 38.
LaTeX Font Info:    Checking defaults for OMS/cmsy/m/n on input line 38.
LaTeX Font Info:    ... okay on input line 38.
LaTeX Font Info:    Checking defaults for OMX/cmex/m/n on input line 38.
LaTeX Font Info:    ... okay on input line 38.
LaTeX Font Info:    Checking defaults for U/cmr/m/n on input line 38.
LaTeX Font Info:    ... okay on input line 38.
(/usr/local/texlive/2008/texmf-dist/tex/context/base/supp-pdf.tex
[Loading MPS to PDF converter (version 2006.09.02).]
\scratchcounter=\count91
\scratchdimen=\dimen115
\scratchbox=\box27
\nofMPsegments=\count92
\nofMParguments=\count93
\everyMPshowfont=\toks15
\MPscratchCnt=\count94
\MPscratchDim=\dimen116
\MPnumerator=\count95
\everyMPtoPDFconversion=\toks16
)
LaTeX Font Info:    External font `cmex10' loaded for size
(Font)              <14.4> on input line 45.
LaTeX Font Info:    External font `cmex10' loaded for size
(Font)              <7> on input line 45.


LaTeX Warning: No \author given.


LaTeX Warning: Citation `bylander94' on page 1 undefined on input line 59.


LaTeX Warning: Citation `puterman94book' on page 1 undefined on input line 71.


LaTeX Warning: Citation `molineaux' on page 1 undefined on input line 89.


LaTeX Warning: Citation `givan03aij' on page 1 undefined on input line 101.


LaTeX Warning: Citation `guestrin03ijcai' on page 1 undefined on input line 101
.


LaTeX Warning: Citation `kersting04' on page 1 undefined on input line 101.


LaTeX Warning: Citation `sanner05uai' on page 1 undefined on input line 101.

[1

{/usr/local/texlive/2008/texmf-var/fonts/map/pdftex/updmap/pdftex.map}]

LaTeX Warning: Citation `kemp08pnas' on page 2 undefined on input line 133.


LaTeX Warning: Citation `wang06nips' on page 2 undefined on input line 133.


LaTeX Warning: Citation `martinez07rss' on page 2 undefined on input line 133.

[2]
No file researchstatement.bbl.
(./researchstatement.aux)

LaTeX Warning: There were undefined references.

 ) 
Here is how much of TeX's memory you used:
 1592 strings out of 493876
 21354 string characters out of 1150567
 74658 words of memory out of 3000000
 4896 multiletter control sequences out of 10000+50000
 6105 words of font info for 22 fonts, out of 3000000 for 5000
 714 hyphenation exceptions out of 8191
 25i,6n,43p,767b,193s stack positions out of 5000i,500n,10000p,200000b,50000s
</usr/local/texlive/2008/texmf-dist/fonts/type1/bluesky/cm/cmbx12.pfb></usr/l
ocal/texlive/2008/texmf-dist/fonts/type1/bluesky/cm/cmcsc10.pfb></usr/local/tex
live/2008/texmf-dist/fonts/type1/bluesky/cm/cmr12.pfb></usr/local/texlive/2008/
texmf-dist/fonts/type1/bluesky/cm/cmti12.pfb>
Output written on researchstatement.pdf (2 pages, 28775 bytes).
PDF statistics:
 25 PDF objects out of 1000 (max. 8388607)
 0 named destinations out of 1000 (max. 131072)
 1 words of extra memory for PDF output out of 10000 (max. 10000000)

